<?xml version="1.0" encoding="UTF-8"?>
<testng-results skipped="0" failed="0" ignored="0" total="1" passed="1">
  <reporter-output>
  </reporter-output>
  <suite name="Default suite" duration-ms="13663" started-at="2019-07-06T01:23:22Z" finished-at="2019-07-06T01:23:36Z">
    <groups>
      <group name="cucumber">
        <method signature="AbstractTestNGCucumberTests.feature(cucumber.api.testng.CucumberFeatureWrapper)[pri:0, instance:com.testrunner.Runner3@1e88b3c]" name="feature" class="cucumber.api.testng.AbstractTestNGCucumberTests"/>
      </group> <!-- cucumber -->
    </groups>
    <test name="Default test" duration-ms="13663" started-at="2019-07-06T01:23:22Z" finished-at="2019-07-06T01:23:36Z">
      <class name="com.testrunner.Runner3">
        <test-method status="PASS" signature="setUpClass()[pri:0, instance:com.testrunner.Runner3@1e88b3c]" name="setUpClass" is-config="true" duration-ms="322" started-at="2019-07-06T01:23:22Z" finished-at="2019-07-06T01:23:23Z">
          <reporter-output>
          </reporter-output>
        </test-method> <!-- setUpClass -->
        <test-method status="PASS" signature="feature(cucumber.api.testng.CucumberFeatureWrapper)[pri:0, instance:com.testrunner.Runner3@1e88b3c]" name="feature" duration-ms="13215" started-at="2019-07-06T01:23:23Z" description="Runs Cucumber Feature" data-provider="features" finished-at="2019-07-06T01:23:36Z">
          <params>
            <param index="0">
              <value>
                <![CDATA[User can go to demo.oscommerce homepage]]>
              </value>
            </param>
          </params>
          <reporter-output>
          </reporter-output>
        </test-method> <!-- feature -->
        <test-method status="PASS" signature="tearDownClass()[pri:0, instance:com.testrunner.Runner3@1e88b3c]" name="tearDownClass" is-config="true" duration-ms="18" started-at="2019-07-06T01:23:36Z" finished-at="2019-07-06T01:23:36Z">
          <reporter-output>
          </reporter-output>
        </test-method> <!-- tearDownClass -->
      </class> <!-- com.testrunner.Runner3 -->
    </test> <!-- Default test -->
  </suite> <!-- Default suite -->
</testng-results>
