<?xml version="1.0" encoding="UTF-8"?>
<testng-results skipped="0" failed="0" ignored="0" total="1" passed="1">
  <reporter-output>
  </reporter-output>
  <suite name="Default suite" duration-ms="7284" started-at="2019-06-26T00:09:14Z" finished-at="2019-06-26T00:09:21Z">
    <groups>
      <group name="cucumber">
        <method signature="AbstractTestNGCucumberTests.feature(cucumber.api.testng.CucumberFeatureWrapper)[pri:0, instance:com.testrunner.Runner01@1e88b3c]" name="feature" class="cucumber.api.testng.AbstractTestNGCucumberTests"/>
      </group> <!-- cucumber -->
    </groups>
    <test name="Default test" duration-ms="7284" started-at="2019-06-26T00:09:14Z" finished-at="2019-06-26T00:09:21Z">
      <class name="com.testrunner.Runner01">
        <test-method status="PASS" signature="setUpClass()[pri:0, instance:com.testrunner.Runner01@1e88b3c]" name="setUpClass" is-config="true" duration-ms="230" started-at="2019-06-26T00:09:14Z" finished-at="2019-06-26T00:09:14Z">
          <reporter-output>
          </reporter-output>
        </test-method> <!-- setUpClass -->
        <test-method status="PASS" signature="feature(cucumber.api.testng.CucumberFeatureWrapper)[pri:0, instance:com.testrunner.Runner01@1e88b3c]" name="feature" duration-ms="6951" started-at="2019-06-26T00:09:14Z" description="Runs Cucumber Feature" data-provider="features" finished-at="2019-06-26T00:09:21Z">
          <params>
            <param index="0">
              <value>
                <![CDATA[User can go to demo.oscommerce homepage]]>
              </value>
            </param>
          </params>
          <reporter-output>
          </reporter-output>
        </test-method> <!-- feature -->
        <test-method status="PASS" signature="tearDownClass()[pri:0, instance:com.testrunner.Runner01@1e88b3c]" name="tearDownClass" is-config="true" duration-ms="17" started-at="2019-06-26T00:09:21Z" finished-at="2019-06-26T00:09:21Z">
          <reporter-output>
          </reporter-output>
        </test-method> <!-- tearDownClass -->
      </class> <!-- com.testrunner.Runner01 -->
    </test> <!-- Default test -->
  </suite> <!-- Default suite -->
</testng-results>
